Arguments: 
  C:\Program Files\nodejs\node.exe C:\Program Files (x86)\Yarn\bin\yarn.js add --dev stylelint stylelint-scss stylelint-webpack-plugin stylelint-config-standard

PATH: 
  C:\Program Files\Git\mingw64\bin;C:\Program Files\Git\usr\bin;C:\Users\patha\bin;C:\WINDOWS\system32;C:\WINDOWS;C:\WINDOWS\System32\Wbem;C:\WINDOWS\System32\WindowsPowerShell\v1.0;C:\WINDOWS\System32\OpenSSH;C:\Program Files\nodejs;C:\Program Files\Git\cmd;C:\Program Files (x86)\Yarn\bin;C:\Users\patha\AppData\Roaming\npm;C:\Users\patha\AppData\Local\Microsoft\WindowsApps;C:\Users\patha\AppData\Local\Programs\Microsoft VS Code\bin;C:\Users\patha\AppData\Local\Yarn\bin;C:\Program Files\Git\Users\patha\AppData\Roaming\npm

Yarn version: 
  1.22.0

Node version: 
  12.16.3

Platform: 
  win32 x64

Trace: 
  Error: EPERM: operation not permitted, unlink 'C:\Users\patha\Desktop\practice\webpack-practice\node_modules\.bin\webpack-dev-server'

npm manifest: 
  {
    "name": "webpack-practice",
    "version": "1.0.0",
    "description": "",
    "main": "index.js",
    "scripts": {
      "start": "env isProduction=DEVELOPMENT webpack-dev-server --config webpack.dev.js",
      "dev": "env isProduction=DEVELOPMENT webpack --config webpack.dev.js",
      "build": "env isProduction=PRODUCTION webpack --config webpack.prod.js"
    },
    "keywords": [],
    "author": "",
    "license": "ISC",
    "devDependencies": {
      "autoprefixer": "^9.8.0",
      "clean-webpack-plugin": "^3.0.0",
      "css-loader": "^3.5.3",
      "file-loader": "^6.0.0",
      "handlebars": "^4.7.6",
      "handlebars-loader": "^1.7.1",
      "html-webpack-plugin": "^4.3.0",
      "mini-css-extract-plugin": "^0.9.0",
      "node-sass": "^4.14.1",
      "optimize-css-assets-webpack-plugin": "^5.0.3",
      "postcss": "^7.0.32",
      "postcss-loader": "^3.0.0",
      "sass-loader": "^8.0.2",
      "style-loader": "^1.2.1",
      "terser-webpack-plugin": "^3.0.3",
      "url-loader": "^4.1.0",
      "webpack": "^4.43.0",
      "webpack-cli": "^3.3.11",
      "webpack-dev-server": "^3.11.0",
      "webpack-merge": "^4.2.2"
    },
    "dependencies": {
      "jquery": "^3.5.1",
      "normalize.css": "^8.0.1"
    },
    "browserslist": [
      "last 2 versions",
      "IE 10",
      "Firefox > 20"
    ]
  }

yarn manifest: 
  No manifest

Lockfile: 
  No lockfile
